-------------------------------------------------------------------------------
Test set: es.uca.ParkingElSalvador.ParkingTest
-------------------------------------------------------------------------------
Tests run: 9, Failures: 0, Errors: 9, Skipped: 0, Time elapsed: 0.003 s <<< FAILURE! - in es.uca.ParkingElSalvador.ParkingTest
testGetDireccionPostal(es.uca.ParkingElSalvador.ParkingTest)  Time elapsed: 0 s  <<< ERROR!
java.lang.NullPointerException: Cannot invoke "es.uca.ParkingElSalvador.Parking.getDireccionPostal()" because "this.parking" is null
	at es.uca.ParkingElSalvador.ParkingTest.testGetDireccionPostal(ParkingTest.java:33)

testGetPlazasDisponiblesInicial(es.uca.ParkingElSalvador.ParkingTest)  Time elapsed: 0 s  <<< ERROR!
java.lang.NullPointerException: Cannot invoke "es.uca.ParkingElSalvador.Parking.getPlazasDisponibles()" because "this.parking" is null
	at es.uca.ParkingElSalvador.ParkingTest.testGetPlazasDisponiblesInicial(ParkingTest.java:43)

testGetPlazasOcupadasInicial(es.uca.ParkingElSalvador.ParkingTest)  Time elapsed: 0 s  <<< ERROR!
java.lang.NullPointerException: Cannot invoke "es.uca.ParkingElSalvador.Parking.getPlazasOcupadas()" because "this.parking" is null
	at es.uca.ParkingElSalvador.ParkingTest.testGetPlazasOcupadasInicial(ParkingTest.java:48)

testToString(es.uca.ParkingElSalvador.ParkingTest)  Time elapsed: 0.001 s  <<< ERROR!
java.lang.NullPointerException: Cannot invoke "es.uca.ParkingElSalvador.Parking.toString()" because "this.parking" is null
	at es.uca.ParkingElSalvador.ParkingTest.testToString(ParkingTest.java:65)

testSetPlazasOcupadas(es.uca.ParkingElSalvador.ParkingTest)  Time elapsed: 0 s  <<< ERROR!
java.lang.NullPointerException: Cannot invoke "es.uca.ParkingElSalvador.Parking.setPlazasOcupadas(int)" because "this.parking" is null
	at es.uca.ParkingElSalvador.ParkingTest.testSetPlazasOcupadas(ParkingTest.java:59)

testSetNombre(es.uca.ParkingElSalvador.ParkingTest)  Time elapsed: 0 s  <<< ERROR!
java.lang.NullPointerException: Cannot invoke "es.uca.ParkingElSalvador.Parking.setNombre(String)" because "this.parking" is null
	at es.uca.ParkingElSalvador.ParkingTest.testSetNombre(ParkingTest.java:27)

testSetPlazasDisponibles(es.uca.ParkingElSalvador.ParkingTest)  Time elapsed: 0 s  <<< ERROR!
java.lang.NullPointerException: Cannot invoke "es.uca.ParkingElSalvador.Parking.setPlazasDisponibles(int)" because "this.parking" is null
	at es.uca.ParkingElSalvador.ParkingTest.testSetPlazasDisponibles(ParkingTest.java:53)

testGetNombre(es.uca.ParkingElSalvador.ParkingTest)  Time elapsed: 0 s  <<< ERROR!
java.lang.NullPointerException: Cannot invoke "es.uca.ParkingElSalvador.Parking.getNombre()" because "this.parking" is null
	at es.uca.ParkingElSalvador.ParkingTest.testGetNombre(ParkingTest.java:22)

testGetCapacidadTotal(es.uca.ParkingElSalvador.ParkingTest)  Time elapsed: 0 s  <<< ERROR!
java.lang.NullPointerException: Cannot invoke "es.uca.ParkingElSalvador.Parking.getCapacidadTotal()" because "this.parking" is null
	at es.uca.ParkingElSalvador.ParkingTest.testGetCapacidadTotal(ParkingTest.java:38)

