-------------------------------------------------------------------------------
Test set: es.uca.ParkingElSalvador.InformeTest
-------------------------------------------------------------------------------
Tests run: 5, Failures: 0, Errors: 5, Skipped: 0, Time elapsed: 0 s <<< FAILURE! - in es.uca.ParkingElSalvador.InformeTest
testFechaInformeLT(es.uca.ParkingElSalvador.InformeTest)  Time elapsed: 0 s  <<< ERROR!
java.lang.NullPointerException: Cannot invoke "es.uca.ParkingElSalvador.Estancia.setDineroPagado(double)" because the return value of "es.uca.ParkingElSalvador.Vehiculo.estancia()" is null
	at es.uca.ParkingElSalvador.InformeTest.setUp(InformeTest.java:19)

testIngresoDiario(es.uca.ParkingElSalvador.InformeTest)  Time elapsed: 0 s  <<< ERROR!
java.lang.NullPointerException: Cannot invoke "es.uca.ParkingElSalvador.Estancia.setDineroPagado(double)" because the return value of "es.uca.ParkingElSalvador.Vehiculo.estancia()" is null
	at es.uca.ParkingElSalvador.InformeTest.setUp(InformeTest.java:19)

testIngresoMensual(es.uca.ParkingElSalvador.InformeTest)  Time elapsed: 0 s  <<< ERROR!
java.lang.NullPointerException: Cannot invoke "es.uca.ParkingElSalvador.Estancia.setDineroPagado(double)" because the return value of "es.uca.ParkingElSalvador.Vehiculo.estancia()" is null
	at es.uca.ParkingElSalvador.InformeTest.setUp(InformeTest.java:19)

testFechaInforme(es.uca.ParkingElSalvador.InformeTest)  Time elapsed: 0 s  <<< ERROR!
java.lang.NullPointerException: Cannot invoke "es.uca.ParkingElSalvador.Estancia.setDineroPagado(double)" because the return value of "es.uca.ParkingElSalvador.Vehiculo.estancia()" is null
	at es.uca.ParkingElSalvador.InformeTest.setUp(InformeTest.java:19)

testIngresoSemanal(es.uca.ParkingElSalvador.InformeTest)  Time elapsed: 0 s  <<< ERROR!
java.lang.NullPointerException: Cannot invoke "es.uca.ParkingElSalvador.Estancia.setDineroPagado(double)" because the return value of "es.uca.ParkingElSalvador.Vehiculo.estancia()" is null
	at es.uca.ParkingElSalvador.InformeTest.setUp(InformeTest.java:19)

