-------------------------------------------------------------------------------
Test set: es.uca.ParkingElSalvador.ParkingServiceTest
-------------------------------------------------------------------------------
Tests run: 9, Failures: 0, Errors: 6, Skipped: 0, Time elapsed: 0.297 s <<< FAILURE! - in es.uca.ParkingElSalvador.ParkingServiceTest
testEntrada(es.uca.ParkingElSalvador.ParkingServiceTest)  Time elapsed: 0.175 s  <<< ERROR!
java.lang.NullPointerException: Cannot invoke "es.uca.ParkingElSalvador.Estancia.haPagado()" because the return value of "es.uca.ParkingElSalvador.Vehiculo.estancia()" is null
	at es.uca.ParkingElSalvador.ParkingServiceTest.testEntrada(ParkingServiceTest.java:57)

testVehiculoPagaBonoMensual(es.uca.ParkingElSalvador.ParkingServiceTest)  Time elapsed: 0.025 s  <<< ERROR!
java.lang.NullPointerException: Cannot invoke "es.uca.ParkingElSalvador.Vehiculo.matricula()" because "this.v" is null
	at es.uca.ParkingElSalvador.ParkingServiceTest.testVehiculoPagaBonoMensual(ParkingServiceTest.java:92)

testVehiculoPagaBonoAnual(es.uca.ParkingElSalvador.ParkingServiceTest)  Time elapsed: 0.036 s  <<< ERROR!
java.lang.NullPointerException: Cannot invoke "es.uca.ParkingElSalvador.Vehiculo.matricula()" because "this.v" is null
	at es.uca.ParkingElSalvador.ParkingServiceTest.testVehiculoPagaBonoAnual(ParkingServiceTest.java:126)

testVehiculoPagaBonoTrimestral(es.uca.ParkingElSalvador.ParkingServiceTest)  Time elapsed: 0.022 s  <<< ERROR!
java.lang.NullPointerException: Cannot invoke "es.uca.ParkingElSalvador.Vehiculo.matricula()" because "this.v" is null
	at es.uca.ParkingElSalvador.ParkingServiceTest.testVehiculoPagaBonoTrimestral(ParkingServiceTest.java:109)

testVehiculoPagaEstandar(es.uca.ParkingElSalvador.ParkingServiceTest)  Time elapsed: 0.017 s  <<< ERROR!
java.lang.NullPointerException: Cannot invoke "es.uca.ParkingElSalvador.Estancia.haPagado()" because the return value of "es.uca.ParkingElSalvador.Vehiculo.estancia()" is null
	at es.uca.ParkingElSalvador.ParkingServiceTest.testVehiculoPagaEstandar(ParkingServiceTest.java:75)

testSalida(es.uca.ParkingElSalvador.ParkingServiceTest)  Time elapsed: 0.018 s  <<< ERROR!
java.lang.NullPointerException: Cannot invoke "es.uca.ParkingElSalvador.Estancia.haPagado()" because the return value of "es.uca.ParkingElSalvador.Vehiculo.estancia()" is null
	at es.uca.ParkingElSalvador.ParkingServiceTest.testSalida(ParkingServiceTest.java:63)

