<?xml version="1.0" encoding="UTF-8"?>
<testsuite xmlns:xsi="http://www.w3.org/2001/XMLSchema-instance" xsi:noNamespaceSchemaLocation="https://maven.apache.org/surefire/maven-surefire-plugin/xsd/surefire-test-report.xsd" name="es.uca.ParkingElSalvador.VehiculoTest" time="0.003" tests="9" errors="8" skipped="0" failures="0">
  <properties>
[...]
</properties>
  <testcase name="testDineroPagado" classname="es.uca.ParkingElSalvador.VehiculoTest" time="0">
    <error message="Cannot invoke &quot;es.uca.ParkingElSalvador.Estancia.dineroPagado()&quot; because the return value of &quot;es.uca.ParkingElSalvador.Vehiculo.estancia()&quot; is null" type="java.lang.NullPointerException">java.lang.NullPointerException: Cannot invoke "es.uca.ParkingElSalvador.Estancia.dineroPagado()" because the return value of "es.uca.ParkingElSalvador.Vehiculo.estancia()" is null
	at es.uca.ParkingElSalvador.VehiculoTest.testDineroPagado(VehiculoTest.java:37)
</error>
  </testcase>
  <testcase name="testBonoValidoSinBono" classname="es.uca.ParkingElSalvador.VehiculoTest" time="0">
    <error message="Cannot invoke &quot;es.uca.ParkingElSalvador.Estancia.bonoValido()&quot; because the return value of &quot;es.uca.ParkingElSalvador.Vehiculo.estancia()&quot; is null" type="java.lang.NullPointerException">java.lang.NullPointerException: Cannot invoke "es.uca.ParkingElSalvador.Estancia.bonoValido()" because the return value of "es.uca.ParkingElSalvador.Vehiculo.estancia()" is null
	at es.uca.ParkingElSalvador.VehiculoTest.testBonoValidoSinBono(VehiculoTest.java:44)
</error>
  </testcase>
  <testcase name="testHaPagadoDespuesDePagar" classname="es.uca.ParkingElSalvador.VehiculoTest" time="0">
    <error message="Cannot invoke &quot;es.uca.ParkingElSalvador.Estancia.pagarEstandar()&quot; because the return value of &quot;es.uca.ParkingElSalvador.Vehiculo.estancia()&quot; is null" type="java.lang.NullPointerException">java.lang.NullPointerException: Cannot invoke "es.uca.ParkingElSalvador.Estancia.pagarEstandar()" because the return value of "es.uca.ParkingElSalvador.Vehiculo.estancia()" is null
	at es.uca.ParkingElSalvador.VehiculoTest.testHaPagadoDespuesDePagar(VehiculoTest.java:68)
</error>
  </testcase>
  <testcase name="testCompraBono" classname="es.uca.ParkingElSalvador.VehiculoTest" time="0">
    <error message="Cannot invoke &quot;es.uca.ParkingElSalvador.Estancia.poseeBono()&quot; because the return value of &quot;es.uca.ParkingElSalvador.Vehiculo.estancia()&quot; is null" type="java.lang.NullPointerException">java.lang.NullPointerException: Cannot invoke "es.uca.ParkingElSalvador.Estancia.poseeBono()" because the return value of "es.uca.ParkingElSalvador.Vehiculo.estancia()" is null
	at es.uca.ParkingElSalvador.VehiculoTest.testCompraBono(VehiculoTest.java:18)
</error>
  </testcase>
  <testcase name="testHaPagadoSinPagar" classname="es.uca.ParkingElSalvador.VehiculoTest" time="0">
    <error message="Cannot invoke &quot;es.uca.ParkingElSalvador.Estancia.haPagado()&quot; because the return value of &quot;es.uca.ParkingElSalvador.Vehiculo.estancia()&quot; is null" type="java.lang.NullPointerException">java.lang.NullPointerException: Cannot invoke "es.uca.ParkingElSalvador.Estancia.haPagado()" because the return value of "es.uca.ParkingElSalvador.Vehiculo.estancia()" is null
	at es.uca.ParkingElSalvador.VehiculoTest.testHaPagadoSinPagar(VehiculoTest.java:63)
</error>
  </testcase>
  <testcase name="testBonoValidoConBonoVencido" classname="es.uca.ParkingElSalvador.VehiculoTest" time="0">
    <error message="Cannot invoke &quot;es.uca.ParkingElSalvador.Estancia.compraBono()&quot; because the return value of &quot;es.uca.ParkingElSalvador.Vehiculo.estancia()&quot; is null" type="java.lang.NullPointerException">java.lang.NullPointerException: Cannot invoke "es.uca.ParkingElSalvador.Estancia.compraBono()" because the return value of "es.uca.ParkingElSalvador.Vehiculo.estancia()" is null
	at es.uca.ParkingElSalvador.VehiculoTest.testBonoValidoConBonoVencido(VehiculoTest.java:49)
</error>
  </testcase>
  <testcase name="testBonoValidoConBonoVigente" classname="es.uca.ParkingElSalvador.VehiculoTest" time="0">
    <error message="Cannot invoke &quot;es.uca.ParkingElSalvador.Estancia.compraBono()&quot; because the return value of &quot;es.uca.ParkingElSalvador.Vehiculo.estancia()&quot; is null" type="java.lang.NullPointerException">java.lang.NullPointerException: Cannot invoke "es.uca.ParkingElSalvador.Estancia.compraBono()" because the return value of "es.uca.ParkingElSalvador.Vehiculo.estancia()" is null
	at es.uca.ParkingElSalvador.VehiculoTest.testBonoValidoConBonoVigente(VehiculoTest.java:56)
</error>
  </testcase>
  <testcase name="testSetFinBono" classname="es.uca.ParkingElSalvador.VehiculoTest" time="0">
    <error message="Cannot invoke &quot;es.uca.ParkingElSalvador.Estancia.setFinBono(java.time.LocalDateTime)&quot; because the return value of &quot;es.uca.ParkingElSalvador.Vehiculo.estancia()&quot; is null" type="java.lang.NullPointerException">java.lang.NullPointerException: Cannot invoke "es.uca.ParkingElSalvador.Estancia.setFinBono(java.time.LocalDateTime)" because the return value of "es.uca.ParkingElSalvador.Vehiculo.estancia()" is null
	at es.uca.ParkingElSalvador.VehiculoTest.testSetFinBono(VehiculoTest.java:26)
</error>
  </testcase>
  <testcase name="testMatricula" classname="es.uca.ParkingElSalvador.VehiculoTest" time="0"/>
</testsuite>